  [1m[35m (0.1ms)[0m  [1m[34mSELECT sqlite_version(*)[0m
  [1m[35m (102.3ms)[0m  [1m[35mCREATE TABLE "schema_migrations" ("version" varchar NOT NULL PRIMARY KEY)[0m
  [1m[35m (96.5ms)[0m  [1m[35mCREATE TABLE "ar_internal_metadata" ("key" varchar NOT NULL PRIMARY KEY, "value" varchar, "created_at" datetime NOT NULL, "updated_at" datetime NOT NULL)[0m
  [1m[35m (0.1ms)[0m  [1m[34mSELECT "schema_migrations"."version" FROM "schema_migrations" ORDER BY "schema_migrations"."version" ASC[0m
Migrating to CreatePeople (20180406131544)
  [1m[35m (0.0ms)[0m  [1m[36mbegin transaction[0m
  [1m[35m (0.4ms)[0m  [1m[35mCREATE TABLE "people" ("id" INTEGER PRIMARY KEY AUTOINCREMENT NOT NULL, "name" varchar, "created_at" datetime NOT NULL, "updated_at" datetime NOT NULL)[0m
  [1m[35mSQL (0.2ms)[0m  [1m[32mINSERT INTO "schema_migrations" ("version") VALUES (?)[0m  [["version", "20180406131544"]]
  [1m[35m (88.4ms)[0m  [1m[36mcommit transaction[0m
  [1m[36mActiveRecord::InternalMetadata Load (0.2ms)[0m  [1m[34mSELECT  "ar_internal_metadata".* FROM "ar_internal_metadata" WHERE "ar_internal_metadata"."key" = ? LIMIT ?[0m  [["key", "environment"], ["LIMIT", 1]]
  [1m[35m (0.1ms)[0m  [1m[36mbegin transaction[0m
  [1m[35mSQL (0.2ms)[0m  [1m[32mINSERT INTO "ar_internal_metadata" ("key", "value", "created_at", "updated_at") VALUES (?, ?, ?, ?)[0m  [["key", "environment"], ["value", "development"], ["created_at", "2018-04-06 13:16:18.430850"], ["updated_at", "2018-04-06 13:16:18.430850"]]
  [1m[35m (69.6ms)[0m  [1m[36mcommit transaction[0m
  [1m[35m (0.1ms)[0m  [1m[34mSELECT "schema_migrations"."version" FROM "schema_migrations" ORDER BY "schema_migrations"."version" ASC[0m
Started GET "/people" for 127.0.0.1 at 2018-04-06 18:48:19 +0530
  [1m[35m (0.1ms)[0m  [1m[34mSELECT "schema_migrations"."version" FROM "schema_migrations" ORDER BY "schema_migrations"."version" ASC[0m
Processing by PeopleController#index as HTML
  [1m[36mPerson Load (0.2ms)[0m  [1m[34mSELECT "people".* FROM "people"[0m
Completed 200 OK in 5ms (Views: 1.4ms | ActiveRecord: 0.7ms)


Started GET "/favicon.ico" for 127.0.0.1 at 2018-04-06 18:48:19 +0530
  
ActionController::RoutingError (No route matches [GET] "/favicon.ico"):
  
actionpack (5.1.6) lib/action_dispatch/middleware/debug_exceptions.rb:63:in `call'
actionpack (5.1.6) lib/action_dispatch/middleware/show_exceptions.rb:31:in `call'
railties (5.1.6) lib/rails/rack/logger.rb:36:in `call_app'
railties (5.1.6) lib/rails/rack/logger.rb:24:in `block in call'
activesupport (5.1.6) lib/active_support/tagged_logging.rb:69:in `block in tagged'
activesupport (5.1.6) lib/active_support/tagged_logging.rb:26:in `tagged'
activesupport (5.1.6) lib/active_support/tagged_logging.rb:69:in `tagged'
railties (5.1.6) lib/rails/rack/logger.rb:24:in `call'
actionpack (5.1.6) lib/action_dispatch/middleware/remote_ip.rb:79:in `call'
actionpack (5.1.6) lib/action_dispatch/middleware/request_id.rb:25:in `call'
rack (2.0.4) lib/rack/runtime.rb:22:in `call'
activesupport (5.1.6) lib/active_support/cache/strategy/local_cache_middleware.rb:27:in `call'
actionpack (5.1.6) lib/action_dispatch/middleware/executor.rb:12:in `call'
actionpack (5.1.6) lib/action_dispatch/middleware/static.rb:125:in `call'
rack (2.0.4) lib/rack/sendfile.rb:111:in `call'
railties (5.1.6) lib/rails/engine.rb:522:in `call'
puma (3.11.3) lib/puma/configuration.rb:225:in `call'
puma (3.11.3) lib/puma/server.rb:624:in `handle_request'
puma (3.11.3) lib/puma/server.rb:438:in `process_client'
puma (3.11.3) lib/puma/server.rb:302:in `block in run'
puma (3.11.3) lib/puma/thread_pool.rb:120:in `block in spawn_thread'
Started GET "/people" for 127.0.0.1 at 2018-04-06 18:48:37 +0530
Processing by PeopleController#index as HTML
  [1m[36mPerson Load (0.3ms)[0m  [1m[34mSELECT "people".* FROM "people"[0m
Completed 200 OK in 2ms (Views: 0.9ms | ActiveRecord: 0.3ms)


Started GET "/people" for 127.0.0.1 at 2018-04-06 18:53:22 +0530
Processing by PeopleController#index as */*
  [1m[36mPerson Load (0.2ms)[0m  [1m[34mSELECT "people".* FROM "people"[0m
Completed 200 OK in 1ms (Views: 0.5ms | ActiveRecord: 0.2ms)


Started POST "/people?name=mayur" for 127.0.0.1 at 2018-04-06 18:53:42 +0530
Processing by PeopleController#create as */*
  Parameters: {"name"=>"mayur"}
Completed 400 Bad Request in 0ms (ActiveRecord: 0.0ms)


  
ActionController::ParameterMissing (param is missing or the value is empty: person):
  
app/controllers/people_controller.rb:49:in `person_params'
app/controllers/people_controller.rb:18:in `create'
Started POST "/people?name=mayur" for 127.0.0.1 at 2018-04-06 18:54:12 +0530
Processing by PeopleController#create as */*
  Parameters: {"name"=>"mayur"}
  [1m[35m (0.1ms)[0m  [1m[36mbegin transaction[0m
  [1m[35mSQL (0.4ms)[0m  [1m[32mINSERT INTO "people" ("name", "created_at", "updated_at") VALUES (?, ?, ?)[0m  [["name", "mayur"], ["created_at", "2018-04-06 13:24:12.218790"], ["updated_at", "2018-04-06 13:24:12.218790"]]
  [1m[35m (159.5ms)[0m  [1m[36mcommit transaction[0m
Completed 201 Created in 173ms (Views: 0.8ms | ActiveRecord: 160.9ms)


Started GET "/people?name=mayur" for 127.0.0.1 at 2018-04-06 18:54:20 +0530
Processing by PeopleController#index as */*
  Parameters: {"name"=>"mayur"}
  [1m[36mPerson Load (0.2ms)[0m  [1m[34mSELECT "people".* FROM "people"[0m
Completed 200 OK in 15ms (Views: 14.4ms | ActiveRecord: 0.2ms)


Started PUT "/people?name=mayurdhvajsinh" for 127.0.0.1 at 2018-04-06 18:57:19 +0530
  
ActionController::RoutingError (No route matches [PUT] "/people"):
  
actionpack (5.1.6) lib/action_dispatch/middleware/debug_exceptions.rb:63:in `call'
actionpack (5.1.6) lib/action_dispatch/middleware/show_exceptions.rb:31:in `call'
railties (5.1.6) lib/rails/rack/logger.rb:36:in `call_app'
railties (5.1.6) lib/rails/rack/logger.rb:24:in `block in call'
activesupport (5.1.6) lib/active_support/tagged_logging.rb:69:in `block in tagged'
activesupport (5.1.6) lib/active_support/tagged_logging.rb:26:in `tagged'
activesupport (5.1.6) lib/active_support/tagged_logging.rb:69:in `tagged'
railties (5.1.6) lib/rails/rack/logger.rb:24:in `call'
actionpack (5.1.6) lib/action_dispatch/middleware/remote_ip.rb:79:in `call'
actionpack (5.1.6) lib/action_dispatch/middleware/request_id.rb:25:in `call'
rack (2.0.4) lib/rack/runtime.rb:22:in `call'
activesupport (5.1.6) lib/active_support/cache/strategy/local_cache_middleware.rb:27:in `call'
actionpack (5.1.6) lib/action_dispatch/middleware/executor.rb:12:in `call'
actionpack (5.1.6) lib/action_dispatch/middleware/static.rb:125:in `call'
rack (2.0.4) lib/rack/sendfile.rb:111:in `call'
railties (5.1.6) lib/rails/engine.rb:522:in `call'
puma (3.11.3) lib/puma/configuration.rb:225:in `call'
puma (3.11.3) lib/puma/server.rb:624:in `handle_request'
puma (3.11.3) lib/puma/server.rb:438:in `process_client'
puma (3.11.3) lib/puma/server.rb:302:in `block in run'
puma (3.11.3) lib/puma/thread_pool.rb:120:in `block in spawn_thread'
Started PUT "/people/1?name=mayurdhvajsinh" for 127.0.0.1 at 2018-04-06 18:57:31 +0530
Processing by PeopleController#update as */*
  Parameters: {"name"=>"mayurdhvajsinh", "id"=>"1"}
  [1m[36mPerson Load (1766.4ms)[0m  [1m[34mSELECT  "people".* FROM "people" WHERE "people"."id" = ? LIMIT ?[0m  [["id", 1], ["LIMIT", 1]]
Unpermitted parameter: :id
  [1m[35m (0.1ms)[0m  [1m[36mbegin transaction[0m
  [1m[35mSQL (147.9ms)[0m  [1m[33mUPDATE "people" SET "name" = ?, "updated_at" = ? WHERE "people"."id" = ?[0m  [["name", "mayurdhvajsinh"], ["updated_at", "2018-04-06 13:27:33.889236"], ["id", 1]]
  [1m[35m (564.9ms)[0m  [1m[36mcommit transaction[0m
Completed 200 OK in 3479ms (Views: 0.3ms | ActiveRecord: 2479.3ms)


Started GET "/people" for 127.0.0.1 at 2018-04-06 19:13:02 +0530
Processing by PeopleController#index as HTML
  [1m[36mPerson Load (61.8ms)[0m  [1m[34mSELECT "people".* FROM "people"[0m
Completed 200 OK in 63ms (Views: 1.0ms | ActiveRecord: 61.8ms)


Started GET "/people" for 127.0.0.1 at 2018-04-06 19:13:02 +0530
Processing by PeopleController#index as HTML
  [1m[36mPerson Load (0.2ms)[0m  [1m[34mSELECT "people".* FROM "people"[0m
Completed 200 OK in 1ms (Views: 1.0ms | ActiveRecord: 0.2ms)


Started GET "/people" for 127.0.0.1 at 2018-04-06 19:13:16 +0530
Processing by PeopleController#index as HTML
  [1m[36mPerson Load (0.3ms)[0m  [1m[34mSELECT "people".* FROM "people"[0m
Completed 200 OK in 2ms (Views: 1.5ms | ActiveRecord: 0.3ms)


Started GET "/people" for 127.0.0.1 at 2018-04-06 19:13:16 +0530
Processing by PeopleController#index as HTML
  [1m[36mPerson Load (0.3ms)[0m  [1m[34mSELECT "people".* FROM "people"[0m
Completed 200 OK in 2ms (Views: 1.1ms | ActiveRecord: 0.3ms)


Started GET "/people" for 127.0.0.1 at 2018-04-06 19:13:18 +0530
Processing by PeopleController#index as HTML
  [1m[36mPerson Load (0.3ms)[0m  [1m[34mSELECT "people".* FROM "people"[0m
Completed 200 OK in 2ms (Views: 1.1ms | ActiveRecord: 0.3ms)


Started GET "/people" for 127.0.0.1 at 2018-04-06 19:15:28 +0530
  [1m[35m (0.3ms)[0m  [1m[34mSELECT "schema_migrations"."version" FROM "schema_migrations" ORDER BY "schema_migrations"."version" ASC[0m
Processing by PeopleController#index as HTML
  [1m[36mPerson Load (0.2ms)[0m  [1m[34mSELECT "people".* FROM "people"[0m
Completed 200 OK in 17ms (Views: 8.9ms | ActiveRecord: 0.7ms)


Started GET "/people.json" for 127.0.0.1 at 2018-04-06 19:15:56 +0530
Processing by PeopleController#index as JSON
  [1m[36mPerson Load (0.2ms)[0m  [1m[34mSELECT "people".* FROM "people"[0m
Completed 200 OK in 3ms (Views: 1.8ms | ActiveRecord: 0.6ms)


Started GET "/people.json" for 127.0.0.1 at 2018-04-06 19:15:57 +0530
Processing by PeopleController#index as JSON
  [1m[36mPerson Load (0.2ms)[0m  [1m[34mSELECT "people".* FROM "people"[0m
Completed 200 OK in 1ms (Views: 0.8ms | ActiveRecord: 0.2ms)


Started GET "/people.json" for 127.0.0.1 at 2018-04-06 19:15:59 +0530
Processing by PeopleController#index as JSON
  [1m[36mPerson Load (0.2ms)[0m  [1m[34mSELECT "people".* FROM "people"[0m
Completed 200 OK in 2ms (Views: 1.1ms | ActiveRecord: 0.2ms)


Started GET "/people.json" for 127.0.0.1 at 2018-04-06 19:15:59 +0530
Processing by PeopleController#index as JSON
  [1m[36mPerson Load (0.3ms)[0m  [1m[34mSELECT "people".* FROM "people"[0m
Completed 200 OK in 2ms (Views: 1.2ms | ActiveRecord: 0.3ms)


Started GET "/people" for 127.0.0.1 at 2018-04-06 19:16:09 +0530
Processing by PeopleController#index as HTML
  [1m[36mPerson Load (0.2ms)[0m  [1m[34mSELECT "people".* FROM "people"[0m
Completed 200 OK in 2ms (Views: 1.4ms | ActiveRecord: 0.2ms)


Started GET "/people" for 127.0.0.1 at 2018-04-06 19:16:09 +0530
Processing by PeopleController#index as HTML
  [1m[36mPerson Load (0.2ms)[0m  [1m[34mSELECT "people".* FROM "people"[0m
Completed 200 OK in 2ms (Views: 1.1ms | ActiveRecord: 0.2ms)


Started GET "/people.json" for 127.0.0.1 at 2018-04-06 19:16:13 +0530
Processing by PeopleController#index as JSON
  [1m[36mPerson Load (0.3ms)[0m  [1m[34mSELECT "people".* FROM "people"[0m
Completed 200 OK in 2ms (Views: 1.6ms | ActiveRecord: 0.3ms)


Started GET "/people.json" for 127.0.0.1 at 2018-04-06 19:16:13 +0530
Processing by PeopleController#index as JSON
  [1m[36mPerson Load (0.2ms)[0m  [1m[34mSELECT "people".* FROM "people"[0m
Completed 200 OK in 2ms (Views: 1.3ms | ActiveRecord: 0.2ms)


Started GET "/people.json" for 127.0.0.1 at 2018-04-06 19:17:12 +0530
  [1m[35m (0.2ms)[0m  [1m[34mSELECT "schema_migrations"."version" FROM "schema_migrations" ORDER BY "schema_migrations"."version" ASC[0m
Processing by PeopleController#index as JSON
  [1m[36mPerson Load (0.2ms)[0m  [1m[34mSELECT "people".* FROM "people"[0m
Completed 200 OK in 8ms (Views: 5.4ms | ActiveRecord: 0.7ms)


Started GET "/people.json" for 127.0.0.1 at 2018-04-06 19:18:40 +0530
Processing by PeopleController#index as JSON
  [1m[36mPerson Load (0.3ms)[0m  [1m[34mSELECT "people".* FROM "people"[0m
Completed 200 OK in 3ms (Views: 2.2ms | ActiveRecord: 0.8ms)


Started GET "/people.json" for 127.0.0.1 at 2018-04-06 19:18:41 +0530
Processing by PeopleController#index as JSON
  [1m[36mPerson Load (0.3ms)[0m  [1m[34mSELECT "people".* FROM "people"[0m
Completed 200 OK in 2ms (Views: 1.3ms | ActiveRecord: 0.3ms)


Started GET "/people.json" for 127.0.0.1 at 2018-04-06 19:20:12 +0530
Processing by PeopleController#index as JSON
  [1m[36mPerson Load (0.2ms)[0m  [1m[34mSELECT "people".* FROM "people"[0m
Completed 200 OK in 2ms (Views: 1.5ms | ActiveRecord: 0.2ms)


Started POST "/people.json" for 127.0.0.1 at 2018-04-06 19:20:12 +0530
Processing by PeopleController#create as JSON
Unpermitted parameter: :format
  [1m[35m (0.1ms)[0m  [1m[36mbegin transaction[0m
  [1m[35mSQL (20.1ms)[0m  [1m[32mINSERT INTO "people" ("created_at", "updated_at") VALUES (?, ?)[0m  [["created_at", "2018-04-06 13:50:12.876287"], ["updated_at", "2018-04-06 13:50:12.876287"]]
  [1m[35m (189.2ms)[0m  [1m[36mcommit transaction[0m
Completed 201 Created in 215ms (Views: 1.2ms | ActiveRecord: 209.4ms)


Started GET "/people.json" for 127.0.0.1 at 2018-04-06 19:20:13 +0530
Processing by PeopleController#index as JSON
  [1m[36mPerson Load (0.2ms)[0m  [1m[34mSELECT "people".* FROM "people"[0m
Completed 200 OK in 2ms (Views: 1.2ms | ActiveRecord: 0.2ms)


Started POST "/people.json" for 127.0.0.1 at 2018-04-06 19:20:13 +0530
Processing by PeopleController#create as JSON
Unpermitted parameter: :format
  [1m[35m (0.1ms)[0m  [1m[36mbegin transaction[0m
  [1m[35mSQL (3.1ms)[0m  [1m[32mINSERT INTO "people" ("created_at", "updated_at") VALUES (?, ?)[0m  [["created_at", "2018-04-06 13:50:13.412625"], ["updated_at", "2018-04-06 13:50:13.412625"]]
  [1m[35m (78.8ms)[0m  [1m[36mcommit transaction[0m
Completed 201 Created in 86ms (Views: 0.7ms | ActiveRecord: 82.0ms)


Started GET "/people.json" for 127.0.0.1 at 2018-04-06 19:21:37 +0530
Processing by PeopleController#index as JSON
  [1m[36mPerson Load (0.3ms)[0m  [1m[34mSELECT "people".* FROM "people"[0m
Completed 200 OK in 3ms (Views: 2.0ms | ActiveRecord: 0.3ms)


Started GET "/people.json" for 127.0.0.1 at 2018-04-06 19:21:37 +0530
Processing by PeopleController#index as JSON
  [1m[36mPerson Load (0.2ms)[0m  [1m[34mSELECT "people".* FROM "people"[0m
Completed 200 OK in 2ms (Views: 1.6ms | ActiveRecord: 0.2ms)


Started GET "/people.json" for 127.0.0.1 at 2018-04-06 19:24:31 +0530
Processing by PeopleController#index as JSON
  [1m[36mPerson Load (0.2ms)[0m  [1m[34mSELECT "people".* FROM "people"[0m
Completed 200 OK in 3ms (Views: 2.2ms | ActiveRecord: 0.2ms)


Started GET "/people.json" for 127.0.0.1 at 2018-04-06 19:25:02 +0530
Processing by PeopleController#index as JSON
  [1m[36mPerson Load (0.3ms)[0m  [1m[34mSELECT "people".* FROM "people"[0m
Completed 200 OK in 2ms (Views: 1.8ms | ActiveRecord: 0.3ms)


Started GET "/people.json" for 127.0.0.1 at 2018-04-06 19:25:15 +0530
Processing by PeopleController#index as JSON
  [1m[36mPerson Load (0.3ms)[0m  [1m[34mSELECT "people".* FROM "people"[0m
Completed 200 OK in 3ms (Views: 2.1ms | ActiveRecord: 0.3ms)


Started POST "/people" for 127.0.0.1 at 2018-04-06 19:25:15 +0530
Processing by PeopleController#create as HTML
  Parameters: {"name"=>"13kl", "person"=>{"name"=>"13kl"}}
Unpermitted parameter: :person
  [1m[35m (0.1ms)[0m  [1m[36mbegin transaction[0m
  [1m[35mSQL (8.8ms)[0m  [1m[32mINSERT INTO "people" ("name", "created_at", "updated_at") VALUES (?, ?, ?)[0m  [["name", "13kl"], ["created_at", "2018-04-06 13:55:15.765283"], ["updated_at", "2018-04-06 13:55:15.765283"]]
  [1m[35m (164.6ms)[0m  [1m[36mcommit transaction[0m
Completed 201 Created in 179ms (Views: 0.5ms | ActiveRecord: 173.6ms)


Started GET "/people.json" for 127.0.0.1 at 2018-04-06 19:25:34 +0530
Processing by PeopleController#index as JSON
  [1m[36mPerson Load (0.3ms)[0m  [1m[34mSELECT "people".* FROM "people"[0m
Completed 200 OK in 2ms (Views: 1.8ms | ActiveRecord: 0.3ms)


Started GET "/people.json" for 127.0.0.1 at 2018-04-06 19:25:41 +0530
Processing by PeopleController#index as JSON
  [1m[36mPerson Load (0.8ms)[0m  [1m[34mSELECT "people".* FROM "people"[0m
Completed 200 OK in 3ms (Views: 2.2ms | ActiveRecord: 0.8ms)


Started POST "/people" for 127.0.0.1 at 2018-04-06 19:25:41 +0530
Processing by PeopleController#create as HTML
  Parameters: {"name"=>"13kl", "person"=>{"name"=>"13kl"}}
Unpermitted parameter: :person
  [1m[35m (0.4ms)[0m  [1m[36mbegin transaction[0m
  [1m[35mSQL (0.4ms)[0m  [1m[32mINSERT INTO "people" ("name", "created_at", "updated_at") VALUES (?, ?, ?)[0m  [["name", "13kl"], ["created_at", "2018-04-06 13:55:41.449504"], ["updated_at", "2018-04-06 13:55:41.449504"]]
  [1m[35m (180.6ms)[0m  [1m[36mcommit transaction[0m
Completed 201 Created in 185ms (Views: 0.8ms | ActiveRecord: 181.4ms)


Started GET "/people.json" for 127.0.0.1 at 2018-04-06 19:26:15 +0530
Processing by PeopleController#index as JSON
  [1m[36mPerson Load (0.3ms)[0m  [1m[34mSELECT "people".* FROM "people"[0m
Completed 200 OK in 3ms (Views: 2.0ms | ActiveRecord: 0.3ms)


Started POST "/people" for 127.0.0.1 at 2018-04-06 19:26:15 +0530
Processing by PeopleController#create as HTML
  Parameters: {"name"=>"13kl", "person"=>{"name"=>"13kl"}}
Unpermitted parameter: :person
  [1m[35m (0.1ms)[0m  [1m[36mbegin transaction[0m
  [1m[35mSQL (0.4ms)[0m  [1m[32mINSERT INTO "people" ("name", "created_at", "updated_at") VALUES (?, ?, ?)[0m  [["name", "13kl"], ["created_at", "2018-04-06 13:56:15.508845"], ["updated_at", "2018-04-06 13:56:15.508845"]]
  [1m[35m (169.1ms)[0m  [1m[36mcommit transaction[0m
Completed 201 Created in 175ms (Views: 0.8ms | ActiveRecord: 169.6ms)


Started GET "/people.json" for 127.0.0.1 at 2018-04-06 19:28:27 +0530
Processing by PeopleController#index as JSON
  [1m[36mPerson Load (0.3ms)[0m  [1m[34mSELECT "people".* FROM "people"[0m
Started POST "/people" for 127.0.0.1 at 2018-04-06 19:28:27 +0530
Completed 200 OK in 6ms (Views: 5.2ms | ActiveRecord: 0.3ms)


Processing by PeopleController#create as HTML
  Parameters: {"name"=>"13kl", "person"=>{"name"=>"13kl"}}
Unpermitted parameter: :person
  [1m[35m (0.1ms)[0m  [1m[36mbegin transaction[0m
  [1m[35mSQL (0.4ms)[0m  [1m[32mINSERT INTO "people" ("name", "created_at", "updated_at") VALUES (?, ?, ?)[0m  [["name", "13kl"], ["created_at", "2018-04-06 13:58:27.750478"], ["updated_at", "2018-04-06 13:58:27.750478"]]
  [1m[35m (145.3ms)[0m  [1m[36mcommit transaction[0m
Completed 201 Created in 152ms (Views: 0.9ms | ActiveRecord: 145.8ms)


Started GET "/people.json" for 127.0.0.1 at 2018-04-06 19:31:20 +0530
Processing by PeopleController#index as JSON
  [1m[36mPerson Load (0.3ms)[0m  [1m[34mSELECT "people".* FROM "people"[0m
Completed 200 OK in 5ms (Views: 4.8ms | ActiveRecord: 0.3ms)


Started GET "/people.json" for 127.0.0.1 at 2018-04-06 19:31:40 +0530
Processing by PeopleController#index as JSON
  [1m[36mPerson Load (0.3ms)[0m  [1m[34mSELECT "people".* FROM "people"[0m
Completed 200 OK in 5ms (Views: 4.8ms | ActiveRecord: 0.3ms)


Started GET "/people.json" for 127.0.0.1 at 2018-04-06 19:31:43 +0530
Processing by PeopleController#index as JSON
  [1m[36mPerson Load (0.2ms)[0m  [1m[34mSELECT "people".* FROM "people"[0m
Completed 200 OK in 5ms (Views: 5.0ms | ActiveRecord: 0.2ms)


Started GET "/people.json" for 127.0.0.1 at 2018-04-06 19:31:45 +0530
Processing by PeopleController#index as JSON
  [1m[36mPerson Load (0.3ms)[0m  [1m[34mSELECT "people".* FROM "people"[0m
Completed 200 OK in 6ms (Views: 5.5ms | ActiveRecord: 0.3ms)


Started GET "/people.json" for 127.0.0.1 at 2018-04-06 19:33:32 +0530
Processing by PeopleController#index as JSON
  [1m[36mPerson Load (0.7ms)[0m  [1m[34mSELECT "people".* FROM "people"[0m
Completed 200 OK in 5ms (Views: 4.1ms | ActiveRecord: 0.7ms)


Started GET "/people.json" for 127.0.0.1 at 2018-04-06 19:33:41 +0530
Processing by PeopleController#index as JSON
  [1m[36mPerson Load (0.3ms)[0m  [1m[34mSELECT "people".* FROM "people"[0m
Completed 200 OK in 6ms (Views: 5.2ms | ActiveRecord: 0.3ms)


Started GET "/people.json" for 127.0.0.1 at 2018-04-06 19:34:53 +0530
Processing by PeopleController#index as JSON
  [1m[36mPerson Load (0.3ms)[0m  [1m[34mSELECT "people".* FROM "people"[0m
Completed 200 OK in 10ms (Views: 9.1ms | ActiveRecord: 0.3ms)


Started GET "/people.json" for 127.0.0.1 at 2018-04-06 19:35:23 +0530
Processing by PeopleController#index as JSON
  [1m[36mPerson Load (0.5ms)[0m  [1m[34mSELECT "people".* FROM "people"[0m
Completed 200 OK in 6ms (Views: 5.2ms | ActiveRecord: 0.5ms)


Started GET "/people.json" for 127.0.0.1 at 2018-04-06 19:36:32 +0530
Processing by PeopleController#index as JSON
  [1m[36mPerson Load (0.3ms)[0m  [1m[34mSELECT "people".* FROM "people"[0m
Completed 200 OK in 5ms (Views: 4.2ms | ActiveRecord: 0.3ms)


Started GET "/people.json" for 127.0.0.1 at 2018-04-06 19:37:32 +0530
Processing by PeopleController#index as JSON
  [1m[36mPerson Load (0.3ms)[0m  [1m[34mSELECT "people".* FROM "people"[0m
Completed 200 OK in 5ms (Views: 4.2ms | ActiveRecord: 0.3ms)


Started GET "/people.json" for 127.0.0.1 at 2018-04-06 19:37:50 +0530
Processing by PeopleController#index as JSON
  [1m[36mPerson Load (0.4ms)[0m  [1m[34mSELECT "people".* FROM "people"[0m
Completed 200 OK in 6ms (Views: 4.3ms | ActiveRecord: 0.4ms)


Started POST "/people" for 127.0.0.1 at 2018-04-06 19:37:53 +0530
Processing by PeopleController#create as HTML
  Parameters: {"name"=>"media12", "person"=>{"name"=>"media12"}}
Unpermitted parameter: :person
  [1m[35m (0.1ms)[0m  [1m[36mbegin transaction[0m
  [1m[35mSQL (0.3ms)[0m  [1m[32mINSERT INTO "people" ("name", "created_at", "updated_at") VALUES (?, ?, ?)[0m  [["name", "media12"], ["created_at", "2018-04-06 14:07:53.236958"], ["updated_at", "2018-04-06 14:07:53.236958"]]
  [1m[35m (213.9ms)[0m  [1m[36mcommit transaction[0m
Completed 201 Created in 219ms (Views: 0.4ms | ActiveRecord: 214.4ms)


Started GET "/people.json" for 127.0.0.1 at 2018-04-06 19:37:58 +0530
Processing by PeopleController#index as JSON
  [1m[36mPerson Load (0.2ms)[0m  [1m[34mSELECT "people".* FROM "people"[0m
Completed 200 OK in 2ms (Views: 1.9ms | ActiveRecord: 0.2ms)


Started POST "/people" for 127.0.0.1 at 2018-04-06 19:38:11 +0530
Processing by PeopleController#create as HTML
  Parameters: {"name"=>"mkgohil", "person"=>{"name"=>"mkgohil"}}
Unpermitted parameter: :person
  [1m[35m (0.1ms)[0m  [1m[36mbegin transaction[0m
  [1m[35mSQL (0.9ms)[0m  [1m[32mINSERT INTO "people" ("name", "created_at", "updated_at") VALUES (?, ?, ?)[0m  [["name", "mkgohil"], ["created_at", "2018-04-06 14:08:11.685855"], ["updated_at", "2018-04-06 14:08:11.685855"]]
  [1m[35m (164.8ms)[0m  [1m[36mcommit transaction[0m
Completed 201 Created in 169ms (Views: 0.5ms | ActiveRecord: 165.8ms)


Started GET "/people.json" for 127.0.0.1 at 2018-04-06 19:38:21 +0530
Processing by PeopleController#index as JSON
  [1m[36mPerson Load (0.3ms)[0m  [1m[34mSELECT "people".* FROM "people"[0m
Completed 200 OK in 4ms (Views: 3.6ms | ActiveRecord: 0.3ms)


Started GET "/people.json" for 127.0.0.1 at 2018-04-06 19:38:33 +0530
Processing by PeopleController#index as JSON
  [1m[36mPerson Load (0.3ms)[0m  [1m[34mSELECT "people".* FROM "people"[0m
Completed 200 OK in 4ms (Views: 3.7ms | ActiveRecord: 0.3ms)


Started POST "/people" for 127.0.0.1 at 2018-04-06 19:38:37 +0530
Processing by PeopleController#create as HTML
  Parameters: {"name"=>"hello", "person"=>{"name"=>"hello"}}
Unpermitted parameter: :person
  [1m[35m (0.2ms)[0m  [1m[36mbegin transaction[0m
  [1m[35mSQL (2.3ms)[0m  [1m[32mINSERT INTO "people" ("name", "created_at", "updated_at") VALUES (?, ?, ?)[0m  [["name", "hello"], ["created_at", "2018-04-06 14:08:37.815856"], ["updated_at", "2018-04-06 14:08:37.815856"]]
  [1m[35m (220.5ms)[0m  [1m[36mcommit transaction[0m
Completed 201 Created in 227ms (Views: 0.7ms | ActiveRecord: 223.0ms)


Started GET "/people.json" for 127.0.0.1 at 2018-04-06 19:38:38 +0530
Processing by PeopleController#index as JSON
  [1m[36mPerson Load (0.3ms)[0m  [1m[34mSELECT "people".* FROM "people"[0m
Completed 200 OK in 4ms (Views: 3.8ms | ActiveRecord: 0.3ms)


Started GET "/people.json" for 127.0.0.1 at 2018-04-06 19:39:09 +0530
Processing by PeopleController#index as JSON
  [1m[36mPerson Load (0.3ms)[0m  [1m[34mSELECT "people".* FROM "people"[0m
Completed 200 OK in 4ms (Views: 3.8ms | ActiveRecord: 0.3ms)


Started GET "/people.json" for 127.0.0.1 at 2018-04-06 19:40:24 +0530
Processing by PeopleController#index as JSON
  [1m[36mPerson Load (0.2ms)[0m  [1m[34mSELECT "people".* FROM "people"[0m
Completed 200 OK in 3ms (Views: 2.9ms | ActiveRecord: 0.2ms)


Started PUT "/people/2" for 127.0.0.1 at 2018-04-06 19:40:29 +0530
Processing by PeopleController#update as HTML
  Parameters: {"name"=>"new val", "id"=>"2", "person"=>{"name"=>"new val"}}
  [1m[36mPerson Load (0.3ms)[0m  [1m[34mSELECT  "people".* FROM "people" WHERE "people"."id" = ? LIMIT ?[0m  [["id", 2], ["LIMIT", 1]]
Unpermitted parameters: :id, :person
  [1m[35m (0.1ms)[0m  [1m[36mbegin transaction[0m
  [1m[35mSQL (4.1ms)[0m  [1m[33mUPDATE "people" SET "name" = ?, "updated_at" = ? WHERE "people"."id" = ?[0m  [["name", "new val"], ["updated_at", "2018-04-06 14:10:30.031608"], ["id", 2]]
  [1m[35m (215.2ms)[0m  [1m[36mcommit transaction[0m
Completed 200 OK in 269ms (Views: 0.5ms | ActiveRecord: 219.7ms)


Started GET "/people.json" for 127.0.0.1 at 2018-04-06 19:40:30 +0530
Processing by PeopleController#index as JSON
  [1m[36mPerson Load (0.3ms)[0m  [1m[34mSELECT "people".* FROM "people"[0m
Completed 200 OK in 5ms (Views: 3.9ms | ActiveRecord: 0.3ms)


Started GET "/people.json" for 127.0.0.1 at 2018-04-06 19:41:03 +0530
Processing by PeopleController#index as JSON
  [1m[36mPerson Load (0.3ms)[0m  [1m[34mSELECT "people".* FROM "people"[0m
Completed 200 OK in 4ms (Views: 3.5ms | ActiveRecord: 0.3ms)


Started GET "/people.json" for 127.0.0.1 at 2018-04-06 20:23:57 +0530
  [1m[35m (0.2ms)[0m  [1m[34mSELECT "schema_migrations"."version" FROM "schema_migrations" ORDER BY "schema_migrations"."version" ASC[0m
Processing by PeopleController#index as JSON
  [1m[36mPerson Load (0.2ms)[0m  [1m[34mSELECT "people".* FROM "people"[0m
Completed 200 OK in 26ms (Views: 22.0ms | ActiveRecord: 1.0ms)


Started PUT "/people/2" for 127.0.0.1 at 2018-04-06 20:24:10 +0530
Started POST "/people" for 127.0.0.1 at 2018-04-06 20:24:10 +0530
Processing by PeopleController#update as HTML
Processing by PeopleController#create as HTML
  Parameters: {"name"=>"krutika", "id"=>"2", "person"=>{"name"=>"krutika"}}
  Parameters: {"name"=>"krutika", "person"=>{"name"=>"krutika"}}
Unpermitted parameter: :person
  [1m[35m (0.1ms)[0m  [1m[36mbegin transaction[0m
  [1m[35mSQL (0.5ms)[0m  [1m[32mINSERT INTO "people" ("name", "created_at", "updated_at") VALUES (?, ?, ?)[0m  [["name", "krutika"], ["created_at", "2018-04-06 14:54:10.635886"], ["updated_at", "2018-04-06 14:54:10.635886"]]
  [1m[36mPerson Load (0.3ms)[0m  [1m[34mSELECT  "people".* FROM "people" WHERE "people"."id" = ? LIMIT ?[0m  [["id", 2], ["LIMIT", 1]]
  [1m[35m (165.0ms)[0m  [1m[36mcommit transaction[0m
Completed 201 Created in 173ms (Views: 1.2ms | ActiveRecord: 165.9ms)


Unpermitted parameters: :id, :person
  [1m[35m (0.1ms)[0m  [1m[36mbegin transaction[0m
  [1m[35mSQL (0.3ms)[0m  [1m[33mUPDATE "people" SET "name" = ?, "updated_at" = ? WHERE "people"."id" = ?[0m  [["name", "krutika"], ["updated_at", "2018-04-06 14:54:10.808305"], ["id", 2]]
  [1m[35m (80.5ms)[0m  [1m[36mcommit transaction[0m
Completed 200 OK in 261ms (Views: 0.6ms | ActiveRecord: 81.6ms)


Started GET "/people.json" for 127.0.0.1 at 2018-04-06 20:24:11 +0530
Processing by PeopleController#index as JSON
  [1m[36mPerson Load (0.2ms)[0m  [1m[34mSELECT "people".* FROM "people"[0m
Completed 200 OK in 3ms (Views: 2.4ms | ActiveRecord: 0.2ms)


  [1m[35m (0.3ms)[0m  [1m[35mSET NAMES utf8,  @@SESSION.sql_mode = CONCAT(CONCAT(@@sql_mode, ',STRICT_ALL_TABLES'), ',NO_AUTO_VALUE_ON_ZERO'),  @@SESSION.sql_auto_is_null = 0, @@SESSION.wait_timeout = 2147483[0m
  [1m[35m (200.5ms)[0m  [1m[35mCREATE TABLE `schema_migrations` (`version` varchar(255) NOT NULL PRIMARY KEY) ENGINE=InnoDB[0m
  [1m[35m (200.6ms)[0m  [1m[35mCREATE TABLE `ar_internal_metadata` (`key` varchar(255) NOT NULL PRIMARY KEY, `value` varchar(255), `created_at` datetime NOT NULL, `updated_at` datetime NOT NULL) ENGINE=InnoDB[0m
  [1m[35m (0.5ms)[0m  [1m[34mSELECT GET_LOCK('799672267478407365', 0)[0m
  [1m[35m (0.4ms)[0m  [1m[34mSELECT `schema_migrations`.`version` FROM `schema_migrations` ORDER BY `schema_migrations`.`version` ASC[0m
Migrating to CreatePeople (20180406131544)
  [1m[35m (207.8ms)[0m  [1m[35mCREATE TABLE `people` (`id` bigint NOT NULL AUTO_INCREMENT PRIMARY KEY, `name` varchar(255), `created_at` datetime NOT NULL, `updated_at` datetime NOT NULL) ENGINE=InnoDB[0m
  [1m[35m (0.2ms)[0m  [1m[35mBEGIN[0m
  [1m[35mSQL (8.0ms)[0m  [1m[32mINSERT INTO `schema_migrations` (`version`) VALUES ('20180406131544')[0m
  [1m[35m (29.4ms)[0m  [1m[35mCOMMIT[0m
  [1m[36mActiveRecord::InternalMetadata Load (0.4ms)[0m  [1m[34mSELECT  `ar_internal_metadata`.* FROM `ar_internal_metadata` WHERE `ar_internal_metadata`.`key` = 'environment' LIMIT 1[0m
  [1m[35m (0.2ms)[0m  [1m[35mBEGIN[0m
  [1m[35mSQL (0.3ms)[0m  [1m[32mINSERT INTO `ar_internal_metadata` (`key`, `value`, `created_at`, `updated_at`) VALUES ('environment', 'development', '2018-04-09 05:12:12', '2018-04-09 05:12:12')[0m
  [1m[35m (20.8ms)[0m  [1m[35mCOMMIT[0m
  [1m[35m (0.3ms)[0m  [1m[34mSELECT RELEASE_LOCK('799672267478407365')[0m
  [1m[35m (0.3ms)[0m  [1m[34mSELECT `schema_migrations`.`version` FROM `schema_migrations` ORDER BY `schema_migrations`.`version` ASC[0m
Started GET "/" for 127.0.0.1 at 2018-04-09 10:46:19 +0530
  [1m[35m (0.3ms)[0m  [1m[35mSET NAMES utf8,  @@SESSION.sql_mode = CONCAT(CONCAT(@@sql_mode, ',STRICT_ALL_TABLES'), ',NO_AUTO_VALUE_ON_ZERO'),  @@SESSION.sql_auto_is_null = 0, @@SESSION.wait_timeout = 2147483[0m
  [1m[35m (0.3ms)[0m  [1m[34mSELECT `schema_migrations`.`version` FROM `schema_migrations` ORDER BY `schema_migrations`.`version` ASC[0m
Processing by Rails::WelcomeController#index as HTML
  Rendering /home/krutika/.rbenv/versions/2.3.1/lib/ruby/gems/2.3.0/gems/railties-5.1.6/lib/rails/templates/rails/welcome/index.html.erb
  Rendered /home/krutika/.rbenv/versions/2.3.1/lib/ruby/gems/2.3.0/gems/railties-5.1.6/lib/rails/templates/rails/welcome/index.html.erb (5.1ms)
Completed 200 OK in 41ms (Views: 25.7ms | ActiveRecord: 0.0ms)


Started GET "/favicon.ico" for 127.0.0.1 at 2018-04-09 10:46:20 +0530
  
ActionController::RoutingError (No route matches [GET] "/favicon.ico"):
  
actionpack (5.1.6) lib/action_dispatch/middleware/debug_exceptions.rb:63:in `call'
actionpack (5.1.6) lib/action_dispatch/middleware/show_exceptions.rb:31:in `call'
railties (5.1.6) lib/rails/rack/logger.rb:36:in `call_app'
railties (5.1.6) lib/rails/rack/logger.rb:24:in `block in call'
activesupport (5.1.6) lib/active_support/tagged_logging.rb:69:in `block in tagged'
activesupport (5.1.6) lib/active_support/tagged_logging.rb:26:in `tagged'
activesupport (5.1.6) lib/active_support/tagged_logging.rb:69:in `tagged'
railties (5.1.6) lib/rails/rack/logger.rb:24:in `call'
actionpack (5.1.6) lib/action_dispatch/middleware/remote_ip.rb:79:in `call'
actionpack (5.1.6) lib/action_dispatch/middleware/request_id.rb:25:in `call'
rack (2.0.4) lib/rack/runtime.rb:22:in `call'
activesupport (5.1.6) lib/active_support/cache/strategy/local_cache_middleware.rb:27:in `call'
actionpack (5.1.6) lib/action_dispatch/middleware/executor.rb:12:in `call'
actionpack (5.1.6) lib/action_dispatch/middleware/static.rb:125:in `call'
rack (2.0.4) lib/rack/sendfile.rb:111:in `call'
rack-cors (1.0.1) lib/rack/cors.rb:93:in `call'
railties (5.1.6) lib/rails/engine.rb:522:in `call'
puma (3.11.3) lib/puma/configuration.rb:225:in `call'
puma (3.11.3) lib/puma/server.rb:624:in `handle_request'
puma (3.11.3) lib/puma/server.rb:438:in `process_client'
puma (3.11.3) lib/puma/server.rb:302:in `block in run'
puma (3.11.3) lib/puma/thread_pool.rb:120:in `block in spawn_thread'
Started GET "/people.json" for 127.0.0.1 at 2018-04-09 10:46:29 +0530
Processing by PeopleController#index as JSON
  [1m[36mPerson Load (0.4ms)[0m  [1m[34mSELECT `people`.* FROM `people`[0m
Completed 200 OK in 6ms (Views: 2.4ms | ActiveRecord: 0.9ms)


Started PUT "/people/2" for 127.0.0.1 at 2018-04-09 10:46:35 +0530
Started POST "/people" for 127.0.0.1 at 2018-04-09 10:46:35 +0530
Processing by PeopleController#create as HTML
  Parameters: {"name"=>"Krutikka", "person"=>{"name"=>"Krutikka"}}
Unpermitted parameter: :person
Processing by PeopleController#update as HTML
  Parameters: {"name"=>"Krutikka", "id"=>"2", "person"=>{"name"=>"Krutikka"}}
  [1m[35m (0.4ms)[0m  [1m[35mSET NAMES utf8,  @@SESSION.sql_mode = CONCAT(CONCAT(@@sql_mode, ',STRICT_ALL_TABLES'), ',NO_AUTO_VALUE_ON_ZERO'),  @@SESSION.sql_auto_is_null = 0, @@SESSION.wait_timeout = 2147483[0m
  [1m[36mPerson Load (12.6ms)[0m  [1m[34mSELECT  `people`.* FROM `people` WHERE `people`.`id` = 2 LIMIT 1[0m
Completed 404 Not Found in 21ms (ActiveRecord: 16.1ms)


  
ActiveRecord::RecordNotFound (Couldn't find Person with 'id'=2):
  
app/controllers/people_controller.rb:44:in `set_person'
  [1m[35m (53.8ms)[0m  [1m[35mBEGIN[0m
  [1m[35mSQL (0.5ms)[0m  [1m[32mINSERT INTO `people` (`name`, `created_at`, `updated_at`) VALUES ('Krutikka', '2018-04-09 05:16:35', '2018-04-09 05:16:35')[0m
  [1m[35m (53.4ms)[0m  [1m[35mCOMMIT[0m
Completed 201 Created in 142ms (Views: 1.7ms | ActiveRecord: 113.7ms)


Started GET "/people.json" for 127.0.0.1 at 2018-04-09 10:46:36 +0530
Processing by PeopleController#index as JSON
  [1m[36mPerson Load (0.4ms)[0m  [1m[34mSELECT `people`.* FROM `people`[0m
Completed 200 OK in 4ms (Views: 2.7ms | ActiveRecord: 0.4ms)


Started PUT "/people/2" for 127.0.0.1 at 2018-04-09 10:46:45 +0530
Started POST "/people" for 127.0.0.1 at 2018-04-09 10:46:45 +0530
Processing by PeopleController#create as HTML
  Parameters: {"name"=>"shah", "person"=>{"name"=>"shah"}}
Unpermitted parameter: :person
  [1m[35m (0.3ms)[0m  [1m[35mBEGIN[0m
Processing by PeopleController#update as HTML
  Parameters: {"name"=>"shah", "id"=>"2", "person"=>{"name"=>"shah"}}
  [1m[36mPerson Load (0.5ms)[0m  [1m[34mSELECT  `people`.* FROM `people` WHERE `people`.`id` = 2 LIMIT 1[0m
Completed 404 Not Found in 2ms (ActiveRecord: 0.5ms)


  
ActiveRecord::RecordNotFound (Couldn't find Person with 'id'=2):
  
app/controllers/people_controller.rb:44:in `set_person'
  [1m[35mSQL (74.0ms)[0m  [1m[32mINSERT INTO `people` (`name`, `created_at`, `updated_at`) VALUES ('shah', '2018-04-09 05:16:45', '2018-04-09 05:16:45')[0m
  [1m[35m (102.2ms)[0m  [1m[35mCOMMIT[0m
Completed 201 Created in 186ms (Views: 0.9ms | ActiveRecord: 176.6ms)


Started GET "/people.json" for 127.0.0.1 at 2018-04-09 10:46:45 +0530
Processing by PeopleController#index as JSON
  [1m[36mPerson Load (0.4ms)[0m  [1m[34mSELECT `people`.* FROM `people`[0m
Completed 200 OK in 3ms (Views: 2.7ms | ActiveRecord: 0.4ms)


Started PUT "/people/2" for 127.0.0.1 at 2018-04-09 10:47:02 +0530
Processing by PeopleController#update as HTML
  Parameters: {"name"=>"Abcdefg", "id"=>"2", "person"=>{"name"=>"Abcdefg"}}
Started POST "/people" for 127.0.0.1 at 2018-04-09 10:47:02 +0530
Processing by PeopleController#create as HTML
  Parameters: {"name"=>"Abcdefg", "person"=>{"name"=>"Abcdefg"}}
Unpermitted parameter: :person
  [1m[36mPerson Load (0.6ms)[0m  [1m[34mSELECT  `people`.* FROM `people` WHERE `people`.`id` = 2 LIMIT 1[0m
Unpermitted parameters: :id, :person
  [1m[35m (0.2ms)[0m  [1m[35mBEGIN[0m
  [1m[35m (2.8ms)[0m  [1m[35mBEGIN[0m
  [1m[35mSQL (0.5ms)[0m  [1m[32mINSERT INTO `people` (`name`, `created_at`, `updated_at`) VALUES ('Abcdefg', '2018-04-09 05:17:02', '2018-04-09 05:17:02')[0m
  [1m[35mSQL (31.4ms)[0m  [1m[33mUPDATE `people` SET `name` = 'Abcdefg', `updated_at` = '2018-04-09 05:17:02' WHERE `people`.`id` = 2[0m
  [1m[35m (107.7ms)[0m  [1m[35mCOMMIT[0m
Completed 201 Created in 121ms (Views: 1.2ms | ActiveRecord: 108.4ms)


  [1m[35m (93.3ms)[0m  [1m[35mCOMMIT[0m
Completed 200 OK in 190ms (Views: 0.7ms | ActiveRecord: 128.1ms)


Started GET "/people.json" for 127.0.0.1 at 2018-04-09 10:47:02 +0530
Processing by PeopleController#index as JSON
  [1m[36mPerson Load (0.4ms)[0m  [1m[34mSELECT `people`.* FROM `people`[0m
Completed 200 OK in 2ms (Views: 1.6ms | ActiveRecord: 0.4ms)


Started GET "/people.json" for 127.0.0.1 at 2018-04-09 10:48:01 +0530
Processing by PeopleController#index as JSON
  [1m[36mPerson Load (0.4ms)[0m  [1m[34mSELECT `people`.* FROM `people`[0m
Completed 200 OK in 3ms (Views: 2.0ms | ActiveRecord: 0.4ms)


Started GET "/people.json" for 127.0.0.1 at 2018-04-09 10:48:26 +0530
Processing by PeopleController#index as JSON
  [1m[36mPerson Load (0.5ms)[0m  [1m[34mSELECT `people`.* FROM `people`[0m
Completed 200 OK in 4ms (Views: 3.0ms | ActiveRecord: 0.5ms)


Started GET "/people.json" for 127.0.0.1 at 2018-04-09 10:48:40 +0530
Processing by PeopleController#index as JSON
  [1m[36mPerson Load (0.4ms)[0m  [1m[34mSELECT `people`.* FROM `people`[0m
Completed 200 OK in 3ms (Views: 2.5ms | ActiveRecord: 0.4ms)


Started GET "/people.json" for 127.0.0.1 at 2018-04-09 10:49:00 +0530
Processing by PeopleController#index as JSON
  [1m[36mPerson Load (1.0ms)[0m  [1m[34mSELECT `people`.* FROM `people`[0m
Completed 200 OK in 4ms (Views: 2.2ms | ActiveRecord: 1.0ms)


Started GET "/people.json" for 127.0.0.1 at 2018-04-09 10:49:24 +0530
Processing by PeopleController#index as JSON
  [1m[36mPerson Load (0.5ms)[0m  [1m[34mSELECT `people`.* FROM `people`[0m
Completed 200 OK in 8ms (Views: 7.5ms | ActiveRecord: 0.5ms)


Started GET "/people.json" for 127.0.0.1 at 2018-04-09 10:49:38 +0530
Processing by PeopleController#index as JSON
  [1m[36mPerson Load (0.4ms)[0m  [1m[34mSELECT `people`.* FROM `people`[0m
Completed 200 OK in 3ms (Views: 2.0ms | ActiveRecord: 0.4ms)


Started POST "/people" for 127.0.0.1 at 2018-04-09 10:49:43 +0530
Processing by PeopleController#create as HTML
  Parameters: {"name"=>"Krutika ", "person"=>{"name"=>"Krutika "}}
Unpermitted parameter: :person
  [1m[35m (0.3ms)[0m  [1m[35mBEGIN[0m
  [1m[35mSQL (1.0ms)[0m  [1m[32mINSERT INTO `people` (`name`, `created_at`, `updated_at`) VALUES ('Krutika ', '2018-04-09 05:19:43', '2018-04-09 05:19:43')[0m
  [1m[35m (151.6ms)[0m  [1m[35mCOMMIT[0m
Completed 201 Created in 161ms (Views: 0.8ms | ActiveRecord: 152.9ms)


Started GET "/people.json" for 127.0.0.1 at 2018-04-09 10:49:43 +0530
Processing by PeopleController#index as JSON
  [1m[36mPerson Load (0.4ms)[0m  [1m[34mSELECT `people`.* FROM `people`[0m
Completed 200 OK in 4ms (Views: 2.9ms | ActiveRecord: 0.4ms)


Started POST "/people" for 127.0.0.1 at 2018-04-09 10:49:48 +0530
Processing by PeopleController#create as HTML
  Parameters: {"name"=>"Shah", "person"=>{"name"=>"Shah"}}
Unpermitted parameter: :person
  [1m[35m (0.3ms)[0m  [1m[35mBEGIN[0m
  [1m[35mSQL (0.5ms)[0m  [1m[32mINSERT INTO `people` (`name`, `created_at`, `updated_at`) VALUES ('Shah', '2018-04-09 05:19:48', '2018-04-09 05:19:48')[0m
  [1m[35m (98.5ms)[0m  [1m[35mCOMMIT[0m
Completed 201 Created in 108ms (Views: 0.9ms | ActiveRecord: 99.3ms)


Started GET "/people.json" for 127.0.0.1 at 2018-04-09 10:49:48 +0530
Processing by PeopleController#index as JSON
  [1m[36mPerson Load (0.5ms)[0m  [1m[34mSELECT `people`.* FROM `people`[0m
Completed 200 OK in 3ms (Views: 2.5ms | ActiveRecord: 0.5ms)


Started GET "/people.json" for 127.0.0.1 at 2018-04-09 10:57:15 +0530
Processing by PeopleController#index as JSON
  [1m[36mPerson Load (0.4ms)[0m  [1m[34mSELECT `people`.* FROM `people`[0m
Completed 200 OK in 2ms (Views: 0.9ms | ActiveRecord: 0.4ms)


Started POST "/people" for 127.0.0.1 at 2018-04-09 10:57:24 +0530
Processing by PeopleController#create as HTML
  Parameters: {"name"=>"Krutika Shah", "person"=>{"name"=>"Krutika Shah"}}
Unpermitted parameter: :person
  [1m[35m (0.3ms)[0m  [1m[35mBEGIN[0m
  [1m[35mSQL (1.7ms)[0m  [1m[32mINSERT INTO `people` (`name`, `created_at`, `updated_at`) VALUES ('Krutika Shah', '2018-04-09 05:27:24', '2018-04-09 05:27:24')[0m
  [1m[35m (95.8ms)[0m  [1m[35mCOMMIT[0m
Completed 201 Created in 106ms (Views: 0.9ms | ActiveRecord: 97.9ms)


Started GET "/people.json" for 127.0.0.1 at 2018-04-09 10:57:25 +0530
Processing by PeopleController#index as JSON
  [1m[36mPerson Load (0.3ms)[0m  [1m[34mSELECT `people`.* FROM `people`[0m
Completed 200 OK in 2ms (Views: 1.4ms | ActiveRecord: 0.3ms)


  [1m[35m (0.5ms)[0m  [1m[35mSET NAMES utf8,  @@SESSION.sql_mode = CONCAT(CONCAT(@@sql_mode, ',STRICT_ALL_TABLES'), ',NO_AUTO_VALUE_ON_ZERO'),  @@SESSION.sql_auto_is_null = 0, @@SESSION.wait_timeout = 2147483[0m
  [1m[35m (237.6ms)[0m  [1m[35mCREATE TABLE `schema_migrations` (`version` varchar(255) NOT NULL PRIMARY KEY) ENGINE=InnoDB[0m
  [1m[35m (250.8ms)[0m  [1m[35mCREATE TABLE `ar_internal_metadata` (`key` varchar(255) NOT NULL PRIMARY KEY, `value` varchar(255), `created_at` datetime NOT NULL, `updated_at` datetime NOT NULL) ENGINE=InnoDB[0m
  [1m[35m (0.4ms)[0m  [1m[34mSELECT GET_LOCK('799672267478407365', 0)[0m
  [1m[35m (0.5ms)[0m  [1m[34mSELECT `schema_migrations`.`version` FROM `schema_migrations` ORDER BY `schema_migrations`.`version` ASC[0m
Migrating to CreatePeople (20180406131544)
  [1m[35m (208.4ms)[0m  [1m[35mCREATE TABLE `people` (`id` bigint NOT NULL AUTO_INCREMENT PRIMARY KEY, `name` varchar(255), `created_at` datetime NOT NULL, `updated_at` datetime NOT NULL) ENGINE=InnoDB[0m
  [1m[35m (0.4ms)[0m  [1m[35mBEGIN[0m
  [1m[35mSQL (0.7ms)[0m  [1m[32mINSERT INTO `schema_migrations` (`version`) VALUES ('20180406131544')[0m
  [1m[35m (26.3ms)[0m  [1m[35mCOMMIT[0m
  [1m[36mActiveRecord::InternalMetadata Load (0.4ms)[0m  [1m[34mSELECT  `ar_internal_metadata`.* FROM `ar_internal_metadata` WHERE `ar_internal_metadata`.`key` = 'environment' LIMIT 1[0m
  [1m[35m (0.4ms)[0m  [1m[35mBEGIN[0m
  [1m[35mSQL (0.4ms)[0m  [1m[32mINSERT INTO `ar_internal_metadata` (`key`, `value`, `created_at`, `updated_at`) VALUES ('environment', 'development', '2018-04-09 14:00:50', '2018-04-09 14:00:50')[0m
  [1m[35m (21.2ms)[0m  [1m[35mCOMMIT[0m
  [1m[35m (0.3ms)[0m  [1m[34mSELECT RELEASE_LOCK('799672267478407365')[0m
  [1m[35m (0.4ms)[0m  [1m[34mSELECT `schema_migrations`.`version` FROM `schema_migrations` ORDER BY `schema_migrations`.`version` ASC[0m
Started GET "/" for 127.0.0.1 at 2018-04-09 19:31:08 +0530
  [1m[35m (0.4ms)[0m  [1m[35mSET NAMES utf8,  @@SESSION.sql_mode = CONCAT(CONCAT(@@sql_mode, ',STRICT_ALL_TABLES'), ',NO_AUTO_VALUE_ON_ZERO'),  @@SESSION.sql_auto_is_null = 0, @@SESSION.wait_timeout = 2147483[0m
  [1m[35m (0.3ms)[0m  [1m[34mSELECT `schema_migrations`.`version` FROM `schema_migrations` ORDER BY `schema_migrations`.`version` ASC[0m
Processing by Rails::WelcomeController#index as HTML
  Rendering /home/krutika/.rbenv/versions/2.3.1/lib/ruby/gems/2.3.0/gems/railties-5.1.6/lib/rails/templates/rails/welcome/index.html.erb
  Rendered /home/krutika/.rbenv/versions/2.3.1/lib/ruby/gems/2.3.0/gems/railties-5.1.6/lib/rails/templates/rails/welcome/index.html.erb (25.7ms)
Completed 200 OK in 278ms (Views: 86.1ms | ActiveRecord: 0.0ms)


